<?xml version="1.0" encoding="UTF-8"?>
<!-- Generated by org.testng.reporters.JUnitXMLReporter -->
<testsuite hostname="Ravi" name="test2" tests="1" failures="0" timestamp="19 Feb 2018 04:19:00 GMT" time="48.0" errors="0">
  <testcase name="@AfterTest close" time="0.0" classname="Crossbrowser.google">
    <failure type="org.testng.TestNGException" message="
Method close requires 1 parameters but 0 were supplied in the @Configuration annotation.">
      <![CDATA[org.testng.TestNGException: 
Method close requires 1 parameters but 0 were supplied in the @Configuration annotation.
	at java.util.concurrent.FutureTask.run(Unknown Source)
	at java.util.concurrent.ThreadPoolExecutor.runWorker(Unknown Source)
	at java.util.concurrent.ThreadPoolExecutor$Worker.run(Unknown Source)
	at java.lang.Thread.run(Unknown Source)
... Removed 12 stack frames]]>
    </failure>
  </testcase> <!-- @AfterTest close -->
  <testcase name="test2" time="0.243" classname="Crossbrowser.google"/>
</testsuite> <!-- test2 -->
